[debug] [2018-02-18T11:28:03.140Z] ----------------------------------------------------------------------
[debug] [2018-02-18T11:28:03.145Z] Command:       /usr/bin/node /usr/bin/firebase login --reauth
[debug] [2018-02-18T11:28:03.146Z] CLI Version:   3.17.4
[debug] [2018-02-18T11:28:03.146Z] Platform:      linux
[debug] [2018-02-18T11:28:03.146Z] Node Version:  v9.5.0
[debug] [2018-02-18T11:28:03.147Z] Time:          Sun Feb 18 2018 20:28:03 GMT+0900 (DST)
[debug] [2018-02-18T11:28:03.147Z] ----------------------------------------------------------------------
[debug] 
[info] 
[info] Visit this URL on any device to log in:
[info] https://accounts.google.com/o/oauth2/auth?client_id=563584335869-fgrhgmd47bqnekij5i8b5pr03ho849e6.apps.googleusercontent.com&scope=email%20openid%20https%3A%2F%2Fwww.googleapis.com%2Fauth%2Fcloudplatformprojects.readonly%20https%3A%2F%2Fwww.googleapis.com%2Fauth%2Ffirebase%20https%3A%2F%2Fwww.googleapis.com%2Fauth%2Fcloud-platform&response_type=code&state=361009970&redirect_uri=http%3A%2F%2Flocalhost%3A9005
[info] 
[info] Waiting for authentication...
[debug] [2018-02-18T11:40:57.620Z] ----------------------------------------------------------------------
[debug] [2018-02-18T11:40:57.624Z] Command:       /usr/bin/node /usr/bin/firebase login
[debug] [2018-02-18T11:40:57.624Z] CLI Version:   3.17.4
[debug] [2018-02-18T11:40:57.624Z] Platform:      linux
[debug] [2018-02-18T11:40:57.624Z] Node Version:  v9.5.0
[debug] [2018-02-18T11:40:57.645Z] Time:          Sun Feb 18 2018 20:40:57 GMT+0900 (DST)
[debug] [2018-02-18T11:40:57.645Z] ----------------------------------------------------------------------
[debug] 
[info] 
[info] Visit this URL on any device to log in:
[info] https://accounts.google.com/o/oauth2/auth?client_id=563584335869-fgrhgmd47bqnekij5i8b5pr03ho849e6.apps.googleusercontent.com&scope=email%20openid%20https%3A%2F%2Fwww.googleapis.com%2Fauth%2Fcloudplatformprojects.readonly%20https%3A%2F%2Fwww.googleapis.com%2Fauth%2Ffirebase%20https%3A%2F%2Fwww.googleapis.com%2Fauth%2Fcloud-platform&response_type=code&state=560764941&redirect_uri=http%3A%2F%2Flocalhost%3A9005
[info] 
[info] Waiting for authentication...
[debug] [2018-02-18T11:41:13.162Z] ----------------------------------------------------------------------
[debug] [2018-02-18T11:41:13.165Z] Command:       /usr/bin/node /usr/bin/firebase login
[debug] [2018-02-18T11:41:13.166Z] CLI Version:   3.17.4
[debug] [2018-02-18T11:41:13.166Z] Platform:      linux
[debug] [2018-02-18T11:41:13.166Z] Node Version:  v9.5.0
[debug] [2018-02-18T11:41:13.167Z] Time:          Sun Feb 18 2018 20:41:13 GMT+0900 (DST)
[debug] [2018-02-18T11:41:13.167Z] ----------------------------------------------------------------------
[debug] 
[info] 
[info] Visit this URL on any device to log in:
[info] https://accounts.google.com/o/oauth2/auth?client_id=563584335869-fgrhgmd47bqnekij5i8b5pr03ho849e6.apps.googleusercontent.com&scope=email%20openid%20https%3A%2F%2Fwww.googleapis.com%2Fauth%2Fcloudplatformprojects.readonly%20https%3A%2F%2Fwww.googleapis.com%2Fauth%2Ffirebase%20https%3A%2F%2Fwww.googleapis.com%2Fauth%2Fcloud-platform&response_type=code&state=353757422&redirect_uri=http%3A%2F%2Flocalhost%3A9005
[info] 
[info] Waiting for authentication...
[debug] [2018-02-18T11:41:29.530Z] ----------------------------------------------------------------------
[debug] [2018-02-18T11:41:29.536Z] Command:       /usr/bin/node /usr/bin/firebase login --reauth
[debug] [2018-02-18T11:41:29.536Z] CLI Version:   3.17.4
[debug] [2018-02-18T11:41:29.536Z] Platform:      linux
[debug] [2018-02-18T11:41:29.536Z] Node Version:  v9.5.0
[debug] [2018-02-18T11:41:29.537Z] Time:          Sun Feb 18 2018 20:41:29 GMT+0900 (DST)
[debug] [2018-02-18T11:41:29.537Z] ----------------------------------------------------------------------
[debug] 
[info] 
[info] Visit this URL on any device to log in:
[info] https://accounts.google.com/o/oauth2/auth?client_id=563584335869-fgrhgmd47bqnekij5i8b5pr03ho849e6.apps.googleusercontent.com&scope=email%20openid%20https%3A%2F%2Fwww.googleapis.com%2Fauth%2Fcloudplatformprojects.readonly%20https%3A%2F%2Fwww.googleapis.com%2Fauth%2Ffirebase%20https%3A%2F%2Fwww.googleapis.com%2Fauth%2Fcloud-platform&response_type=code&state=272569256&redirect_uri=http%3A%2F%2Flocalhost%3A9005
[info] 
[info] Waiting for authentication...
[debug] [2018-02-18T11:51:24.024Z] ----------------------------------------------------------------------
[debug] [2018-02-18T11:51:24.033Z] Command:       /usr/bin/node /usr/bin/firebase login --reauth
[debug] [2018-02-18T11:51:24.034Z] CLI Version:   3.17.4
[debug] [2018-02-18T11:51:24.034Z] Platform:      linux
[debug] [2018-02-18T11:51:24.034Z] Node Version:  v9.5.0
[debug] [2018-02-18T11:51:24.035Z] Time:          Sun Feb 18 2018 20:51:24 GMT+0900 (DST)
[debug] [2018-02-18T11:51:24.035Z] ----------------------------------------------------------------------
[debug] 
[info] 
[info] Visit this URL on any device to log in:
[info] https://accounts.google.com/o/oauth2/auth?client_id=563584335869-fgrhgmd47bqnekij5i8b5pr03ho849e6.apps.googleusercontent.com&scope=email%20openid%20https%3A%2F%2Fwww.googleapis.com%2Fauth%2Fcloudplatformprojects.readonly%20https%3A%2F%2Fwww.googleapis.com%2Fauth%2Ffirebase%20https%3A%2F%2Fwww.googleapis.com%2Fauth%2Fcloud-platform&response_type=code&state=337898882&redirect_uri=http%3A%2F%2Flocalhost%3A9005
[info] 
[info] Waiting for authentication...
